<html xmlns:math="http://exslt.org/math" xmlns:testng="http://testng.org">
   <head>
      <title>TestNG Results</title>
      <meta http-equiv="content-type" content="text/html; charset=utf-8"></meta>
      <meta http-equiv="pragma" content="no-cache"></meta>
      <meta http-equiv="cache-control" content="max-age=0"></meta>
      <meta http-equiv="cache-control" content="no-cache"></meta>
      <meta http-equiv="cache-control" content="no-store"></meta>
      <LINK rel="stylesheet" href="style.css"></LINK>
      <script type="text/javascript" src="main.js"></script>
   </head>
   <body>
      <table width="100%" style="font-size: 16px; margin-bottom: 10px;" cellspacing="1">
         <tr>
            <td width="100%">
               Test case
               
               <b>testall</b>
            </td>
            <td style="background-color: #FFBBBB; padding: 3px 3px 3px 0;" align="center">
               <div style="width: 50px;">2</div>
            </td>
            <td style="background-color: lightgreen; padding: 3px 3px 3px 0;" align="center">
               <div style="width: 50px;">2</div>
            </td>
            <td style="background-color: #FFFFBB; padding: 3px 3px 3px 0;" align="center">
               <div style="width: 50px;">0</div>
            </td>
            <td align="center" style="background-color: #eaf0f7; padding: 3px 3px 3px 0;">
               <div style="width: 50px;">4</div>
            </td>
            <td align="center"
                style="font-weight: bold; background-color: #eaf0f7; padding: 3px 3px 3px 0;">
               <div style="width: 50px;">50%</div>
            </td>
         </tr>
      </table>
      <div style="width: 200px;">
         <label for="groupMethodsCheckBox" style="font-weight: bold; margin: 0;">
            <input id="groupMethodsCheckBox" type="checkbox" onclick="switchTestMethodsView(this)"></input>
            Group by class
            
         </label>
         <br></br>
         <label for="methodsFilter_ALL" style="font-weight: bold; margin: 0;">
            <input id="methodsFilter_ALL" type="checkbox"
                   onclick="testMethodsFilterChanged(this, 'ALL')"></input>
            All
            
         </label>
      </div>
      <label for="methodsFilter_FAIL" style="margin-left: 20px;">
         <input id="methodsFilter_FAIL" type="checkbox"
                onclick="testMethodsFilterChanged(this, 'FAIL')"
                checked=""></input>
         Failed
         
      </label>
      <label for="methodsFilter_PASS">
         <input id="methodsFilter_PASS" type="checkbox"
                onclick="testMethodsFilterChanged(this, 'PASS')"
                checked=""></input>
         Passed
         
      </label>
      <label for="methodsFilter_SKIP">
         <input id="methodsFilter_SKIP" type="checkbox"
                onclick="testMethodsFilterChanged(this, 'SKIP')"
                checked=""></input>
         Skipped
         
      </label>
      <label for="methodsFilter_CONF">
         <input id="methodsFilter_CONF" type="checkbox"
                onclick="testMethodsFilterChanged(this, 'CONF')"></input>
         Config
         
      </label>
      <br></br>
      <div id="testMethodsByStatus">
         <table class="testMethodsTable" cellpadding="0" cellspacing="0">
            <tr class="methodsTableHeader">
               <td width="100%">Name</td>
               <td nowrap="true">Started</td>
               <td nowrap="true">Duration</td>
               <td>Exception</td>
            </tr>
            <tr id="testhk.TestCase_women_ReturnCustomer_HK_TestReturnCustomerHK_byStatus_failed_FAIL1_row"
                class="testMethodStatusFAIL">
               <td width="100%" class="firstMethodCell">
                  <a onclick="toggleDetailsVisibility('testhk.TestCase_women_ReturnCustomer_HK_TestReturnCustomerHK_byStatus_failed_FAIL1_details')">TestReturnCustomerHK()</a>
               </td>
               <td nowrap="true">16:14:25</td>
               <td nowrap="true" align="right">1m
                  32s
                  
               </td>
               <td nowrap="true">
                  <a onclick="toggleDetailsVisibility('testhk.TestCase_women_ReturnCustomer_HK_TestReturnCustomerHK_byStatus_failed_FAIL1_exception')">java.lang.Exception: 
                     20.The search box unable to input
                     
                  </a>
                   
                  
               </td>
            </tr>
            <tr>
               <td colspan="4" class="detailsBox">
                  <div id="testhk.TestCase_women_ReturnCustomer_HK_TestReturnCustomerHK_byStatus_failed_FAIL1_details"
                       class="testMethodDetails">
                     <div>
                        <b>Name: </b>TestReturnCustomerHK
                     </div>
                     <div>
                        <b>Signature: </b>TestReturnCustomerHK()[pri:0, instance:testhk.TestCase_women_ReturnCustomer_HK@b82368]
                     </div>
                     <div>
                        <b>Start time: </b>16:14:25
                     </div>
                     <div>
                        <b>End time: </b>16:15:58
                     </div>
                     <div>
                        <b>Duration: </b>1m
                        32s
                        
                     </div>
                  </div>
               </td>
            </tr>
            <tr>
               <td colspan="4" class="detailsBox">
                  <div id="testhk.TestCase_women_ReturnCustomer_HK_TestReturnCustomerHK_byStatus_failed_FAIL1_exception"
                       class="testMethodDetails">
                     <pre style="padding: 5px; margin: 0;">java.lang.Exception: 20.The search box unable to input
                        	at testhk.TestCase_women_ReturnCustomer_HK.TestReturnCustomerHK(Unknown Source)
                        	at sun.reflect.NativeMethodAccessorImpl.invoke0(Native Method)
                        	at sun.reflect.NativeMethodAccessorImpl.invoke(NativeMethodAccessorImpl.java:39)
                        	at sun.reflect.DelegatingMethodAccessorImpl.invoke(DelegatingMethodAccessorImpl.java:25)
                        	at java.lang.reflect.Method.invoke(Method.java:597)
                        	at org.testng.internal.MethodInvocationHelper.invokeMethod(MethodInvocationHelper.java:84)
                        	at org.testng.internal.Invoker.invokeMethod(Invoker.java:714)
                        	at org.testng.internal.Invoker.invokeTestMethod(Invoker.java:901)
                        	at org.testng.internal.Invoker.invokeTestMethods(Invoker.java:1231)
                        	at org.testng.internal.TestMethodWorker.invokeTestMethods(TestMethodWorker.java:127)
                        	at org.testng.internal.TestMethodWorker.run(TestMethodWorker.java:111)
                        	at org.testng.TestRunner.privateRun(TestRunner.java:767)
                        	at org.testng.TestRunner.run(TestRunner.java:617)
                        	at org.testng.SuiteRunner.runTest(SuiteRunner.java:334)
                        	at org.testng.SuiteRunner.runSequentially(SuiteRunner.java:329)
                        	at org.testng.SuiteRunner.privateRun(SuiteRunner.java:291)
                        	at org.testng.SuiteRunner.run(SuiteRunner.java:240)
                        	at org.testng.SuiteRunnerWorker.runSuite(SuiteRunnerWorker.java:52)
                        	at org.testng.SuiteRunnerWorker.run(SuiteRunnerWorker.java:86)
                        	at org.testng.TestNG.runSuitesSequentially(TestNG.java:1224)
                        	at org.testng.TestNG.runSuitesLocally(TestNG.java:1149)
                        	at org.testng.TestNG.run(TestNG.java:1057)
                        	at org.testng.TestNG.privateMain(TestNG.java:1364)
                        	at org.testng.TestNG.main(TestNG.java:1333)
                     </pre>
                  </div>
               </td>
            </tr>
            <tr id="testhk.TestCase_man_NewCustomer_HK_TestNewCustomerHK_byStatus_failed_FAIL2_row"
                class="testMethodStatusFAIL">
               <td width="100%" class="firstMethodCell">
                  <a onclick="toggleDetailsVisibility('testhk.TestCase_man_NewCustomer_HK_TestNewCustomerHK_byStatus_failed_FAIL2_details')">TestNewCustomerHK()</a>
               </td>
               <td nowrap="true">16:13:13</td>
               <td nowrap="true" align="right">1m
                  12s
                  
               </td>
               <td nowrap="true">
                  <a onclick="toggleDetailsVisibility('testhk.TestCase_man_NewCustomer_HK_TestNewCustomerHK_byStatus_failed_FAIL2_exception')">java.lang.Exception: 
                     can not type in search bar
                     
                  </a>
                   
                  
               </td>
            </tr>
            <tr>
               <td colspan="4" class="detailsBox">
                  <div id="testhk.TestCase_man_NewCustomer_HK_TestNewCustomerHK_byStatus_failed_FAIL2_details"
                       class="testMethodDetails">
                     <div>
                        <b>Name: </b>TestNewCustomerHK
                     </div>
                     <div>
                        <b>Signature: </b>TestNewCustomerHK()[pri:0, instance:testhk.TestCase_man_NewCustomer_HK@ab853b]
                     </div>
                     <div>
                        <b>Start time: </b>16:13:13
                     </div>
                     <div>
                        <b>End time: </b>16:14:25
                     </div>
                     <div>
                        <b>Duration: </b>1m
                        12s
                        
                     </div>
                  </div>
               </td>
            </tr>
            <tr>
               <td colspan="4" class="detailsBox">
                  <div id="testhk.TestCase_man_NewCustomer_HK_TestNewCustomerHK_byStatus_failed_FAIL2_exception"
                       class="testMethodDetails">
                     <pre style="padding: 5px; margin: 0;">java.lang.Exception: can not type in search bar
                        	at testhk.TestCase_man_NewCustomer_HK.TestNewCustomerHK(Unknown Source)
                        	at sun.reflect.NativeMethodAccessorImpl.invoke0(Native Method)
                        	at sun.reflect.NativeMethodAccessorImpl.invoke(NativeMethodAccessorImpl.java:39)
                        	at sun.reflect.DelegatingMethodAccessorImpl.invoke(DelegatingMethodAccessorImpl.java:25)
                        	at java.lang.reflect.Method.invoke(Method.java:597)
                        	at org.testng.internal.MethodInvocationHelper.invokeMethod(MethodInvocationHelper.java:84)
                        	at org.testng.internal.Invoker.invokeMethod(Invoker.java:714)
                        	at org.testng.internal.Invoker.invokeTestMethod(Invoker.java:901)
                        	at org.testng.internal.Invoker.invokeTestMethods(Invoker.java:1231)
                        	at org.testng.internal.TestMethodWorker.invokeTestMethods(TestMethodWorker.java:127)
                        	at org.testng.internal.TestMethodWorker.run(TestMethodWorker.java:111)
                        	at org.testng.TestRunner.privateRun(TestRunner.java:767)
                        	at org.testng.TestRunner.run(TestRunner.java:617)
                        	at org.testng.SuiteRunner.runTest(SuiteRunner.java:334)
                        	at org.testng.SuiteRunner.runSequentially(SuiteRunner.java:329)
                        	at org.testng.SuiteRunner.privateRun(SuiteRunner.java:291)
                        	at org.testng.SuiteRunner.run(SuiteRunner.java:240)
                        	at org.testng.SuiteRunnerWorker.runSuite(SuiteRunnerWorker.java:52)
                        	at org.testng.SuiteRunnerWorker.run(SuiteRunnerWorker.java:86)
                        	at org.testng.TestNG.runSuitesSequentially(TestNG.java:1224)
                        	at org.testng.TestNG.runSuitesLocally(TestNG.java:1149)
                        	at org.testng.TestNG.run(TestNG.java:1057)
                        	at org.testng.TestNG.privateMain(TestNG.java:1364)
                        	at org.testng.TestNG.main(TestNG.java:1333)
                     </pre>
                  </div>
               </td>
            </tr>
            <tr id="test.TestCase_women_ReturnCustomer_TestReturnCustomer_byStatus_passed_PASS1_row"
                class="testMethodStatusPASS">
               <td width="100%" class="firstMethodCell">
                  <a onclick="toggleDetailsVisibility('test.TestCase_women_ReturnCustomer_TestReturnCustomer_byStatus_passed_PASS1_details')">TestReturnCustomer()</a>
               </td>
               <td nowrap="true">16:11:15</td>
               <td nowrap="true" align="right">1m
                  57s
                  
               </td>
               <td nowrap="true">
                   
                  
               </td>
            </tr>
            <tr>
               <td colspan="4" class="detailsBox">
                  <div id="test.TestCase_women_ReturnCustomer_TestReturnCustomer_byStatus_passed_PASS1_details"
                       class="testMethodDetails">
                     <div>
                        <b>Name: </b>TestReturnCustomer
                     </div>
                     <div>
                        <b>Signature: </b>TestReturnCustomer()[pri:0, instance:test.TestCase_women_ReturnCustomer@11c8a71]
                     </div>
                     <div>
                        <b>Start time: </b>16:11:15
                     </div>
                     <div>
                        <b>End time: </b>16:13:13
                     </div>
                     <div>
                        <b>Duration: </b>1m
                        57s
                        
                     </div>
                  </div>
               </td>
            </tr>
            <tr></tr>
            <tr id="test.TestCase_man_NewCustomer_TestNewCustomer_byStatus_passed_PASS2_row"
                class="testMethodStatusPASS">
               <td width="100%" class="firstMethodCell">
                  <a onclick="toggleDetailsVisibility('test.TestCase_man_NewCustomer_TestNewCustomer_byStatus_passed_PASS2_details')">TestNewCustomer()</a>
               </td>
               <td nowrap="true">16:08:15</td>
               <td nowrap="true" align="right">3m
                  
               </td>
               <td nowrap="true">
                   
                  
               </td>
            </tr>
            <tr>
               <td colspan="4" class="detailsBox">
                  <div id="test.TestCase_man_NewCustomer_TestNewCustomer_byStatus_passed_PASS2_details"
                       class="testMethodDetails">
                     <div>
                        <b>Name: </b>TestNewCustomer
                     </div>
                     <div>
                        <b>Signature: </b>TestNewCustomer()[pri:0, instance:test.TestCase_man_NewCustomer@1815859]
                     </div>
                     <div>
                        <b>Start time: </b>16:08:15
                     </div>
                     <div>
                        <b>End time: </b>16:11:15
                     </div>
                     <div>
                        <b>Duration: </b>3m
                        
                     </div>
                  </div>
               </td>
            </tr>
            <tr></tr>
         </table>
      </div>
      <div id="testMethodsByClass" style="display: none;">
         <table class="testMethodsTable" cellpadding="0" cellspacing="0">
            <tr>
               <td colspan="4">
                  <h3 style="display: inline;">test.TestCase_man_NewCustomer</h3>
               </td>
            </tr>
            <tr class="methodsTableHeader">
               <td width="100%">Name</td>
               <td nowrap="true">Started</td>
               <td nowrap="true">Duration</td>
               <td>Exception</td>
            </tr>
            <tr id="test.TestCase_man_NewCustomer_TestNewCustomer_byClass_PASS1_row"
                class="testMethodStatusPASS">
               <td width="100%" class="firstMethodCell">
                  <a onclick="toggleDetailsVisibility('test.TestCase_man_NewCustomer_TestNewCustomer_byClass_PASS1_details')">TestNewCustomer()</a>
               </td>
               <td nowrap="true">16:08:15</td>
               <td nowrap="true" align="right">3m
                  
               </td>
               <td nowrap="true">
                   
                  
               </td>
            </tr>
            <tr>
               <td colspan="4" class="detailsBox">
                  <div id="test.TestCase_man_NewCustomer_TestNewCustomer_byClass_PASS1_details"
                       class="testMethodDetails">
                     <div>
                        <b>Name: </b>TestNewCustomer
                     </div>
                     <div>
                        <b>Signature: </b>TestNewCustomer()[pri:0, instance:test.TestCase_man_NewCustomer@1815859]
                     </div>
                     <div>
                        <b>Start time: </b>16:08:15
                     </div>
                     <div>
                        <b>End time: </b>16:11:15
                     </div>
                     <div>
                        <b>Duration: </b>3m
                        
                     </div>
                  </div>
               </td>
            </tr>
            <tr></tr>
         </table>
         <br></br>
         <table class="testMethodsTable" cellpadding="0" cellspacing="0">
            <tr>
               <td colspan="4">
                  <h3 style="display: inline;">test.TestCase_women_ReturnCustomer</h3>
               </td>
            </tr>
            <tr class="methodsTableHeader">
               <td width="100%">Name</td>
               <td nowrap="true">Started</td>
               <td nowrap="true">Duration</td>
               <td>Exception</td>
            </tr>
            <tr id="test.TestCase_women_ReturnCustomer_TestReturnCustomer_byClass_PASS1_row"
                class="testMethodStatusPASS">
               <td width="100%" class="firstMethodCell">
                  <a onclick="toggleDetailsVisibility('test.TestCase_women_ReturnCustomer_TestReturnCustomer_byClass_PASS1_details')">TestReturnCustomer()</a>
               </td>
               <td nowrap="true">16:11:15</td>
               <td nowrap="true" align="right">1m
                  57s
                  
               </td>
               <td nowrap="true">
                   
                  
               </td>
            </tr>
            <tr>
               <td colspan="4" class="detailsBox">
                  <div id="test.TestCase_women_ReturnCustomer_TestReturnCustomer_byClass_PASS1_details"
                       class="testMethodDetails">
                     <div>
                        <b>Name: </b>TestReturnCustomer
                     </div>
                     <div>
                        <b>Signature: </b>TestReturnCustomer()[pri:0, instance:test.TestCase_women_ReturnCustomer@11c8a71]
                     </div>
                     <div>
                        <b>Start time: </b>16:11:15
                     </div>
                     <div>
                        <b>End time: </b>16:13:13
                     </div>
                     <div>
                        <b>Duration: </b>1m
                        57s
                        
                     </div>
                  </div>
               </td>
            </tr>
            <tr></tr>
         </table>
         <br></br>
         <table class="testMethodsTable" cellpadding="0" cellspacing="0">
            <tr>
               <td colspan="4">
                  <h3 style="display: inline;">testhk.TestCase_man_NewCustomer_HK</h3>
               </td>
            </tr>
            <tr class="methodsTableHeader">
               <td width="100%">Name</td>
               <td nowrap="true">Started</td>
               <td nowrap="true">Duration</td>
               <td>Exception</td>
            </tr>
            <tr id="testhk.TestCase_man_NewCustomer_HK_TestNewCustomerHK_byClass_FAIL1_row"
                class="testMethodStatusFAIL">
               <td width="100%" class="firstMethodCell">
                  <a onclick="toggleDetailsVisibility('testhk.TestCase_man_NewCustomer_HK_TestNewCustomerHK_byClass_FAIL1_details')">TestNewCustomerHK()</a>
               </td>
               <td nowrap="true">16:13:13</td>
               <td nowrap="true" align="right">1m
                  12s
                  
               </td>
               <td nowrap="true">
                  <a onclick="toggleDetailsVisibility('testhk.TestCase_man_NewCustomer_HK_TestNewCustomerHK_byClass_FAIL1_exception')">java.lang.Exception: 
                     can not type in search bar
                     
                  </a>
                   
                  
               </td>
            </tr>
            <tr>
               <td colspan="4" class="detailsBox">
                  <div id="testhk.TestCase_man_NewCustomer_HK_TestNewCustomerHK_byClass_FAIL1_details"
                       class="testMethodDetails">
                     <div>
                        <b>Name: </b>TestNewCustomerHK
                     </div>
                     <div>
                        <b>Signature: </b>TestNewCustomerHK()[pri:0, instance:testhk.TestCase_man_NewCustomer_HK@ab853b]
                     </div>
                     <div>
                        <b>Start time: </b>16:13:13
                     </div>
                     <div>
                        <b>End time: </b>16:14:25
                     </div>
                     <div>
                        <b>Duration: </b>1m
                        12s
                        
                     </div>
                  </div>
               </td>
            </tr>
            <tr>
               <td colspan="4" class="detailsBox">
                  <div id="testhk.TestCase_man_NewCustomer_HK_TestNewCustomerHK_byClass_FAIL1_exception"
                       class="testMethodDetails">
                     <pre style="padding: 5px; margin: 0;">java.lang.Exception: can not type in search bar
                        	at testhk.TestCase_man_NewCustomer_HK.TestNewCustomerHK(Unknown Source)
                        	at sun.reflect.NativeMethodAccessorImpl.invoke0(Native Method)
                        	at sun.reflect.NativeMethodAccessorImpl.invoke(NativeMethodAccessorImpl.java:39)
                        	at sun.reflect.DelegatingMethodAccessorImpl.invoke(DelegatingMethodAccessorImpl.java:25)
                        	at java.lang.reflect.Method.invoke(Method.java:597)
                        	at org.testng.internal.MethodInvocationHelper.invokeMethod(MethodInvocationHelper.java:84)
                        	at org.testng.internal.Invoker.invokeMethod(Invoker.java:714)
                        	at org.testng.internal.Invoker.invokeTestMethod(Invoker.java:901)
                        	at org.testng.internal.Invoker.invokeTestMethods(Invoker.java:1231)
                        	at org.testng.internal.TestMethodWorker.invokeTestMethods(TestMethodWorker.java:127)
                        	at org.testng.internal.TestMethodWorker.run(TestMethodWorker.java:111)
                        	at org.testng.TestRunner.privateRun(TestRunner.java:767)
                        	at org.testng.TestRunner.run(TestRunner.java:617)
                        	at org.testng.SuiteRunner.runTest(SuiteRunner.java:334)
                        	at org.testng.SuiteRunner.runSequentially(SuiteRunner.java:329)
                        	at org.testng.SuiteRunner.privateRun(SuiteRunner.java:291)
                        	at org.testng.SuiteRunner.run(SuiteRunner.java:240)
                        	at org.testng.SuiteRunnerWorker.runSuite(SuiteRunnerWorker.java:52)
                        	at org.testng.SuiteRunnerWorker.run(SuiteRunnerWorker.java:86)
                        	at org.testng.TestNG.runSuitesSequentially(TestNG.java:1224)
                        	at org.testng.TestNG.runSuitesLocally(TestNG.java:1149)
                        	at org.testng.TestNG.run(TestNG.java:1057)
                        	at org.testng.TestNG.privateMain(TestNG.java:1364)
                        	at org.testng.TestNG.main(TestNG.java:1333)
                     </pre>
                  </div>
               </td>
            </tr>
         </table>
         <br></br>
         <table class="testMethodsTable" cellpadding="0" cellspacing="0">
            <tr>
               <td colspan="4">
                  <h3 style="display: inline;">testhk.TestCase_women_ReturnCustomer_HK</h3>
               </td>
            </tr>
            <tr class="methodsTableHeader">
               <td width="100%">Name</td>
               <td nowrap="true">Started</td>
               <td nowrap="true">Duration</td>
               <td>Exception</td>
            </tr>
            <tr id="testhk.TestCase_women_ReturnCustomer_HK_TestReturnCustomerHK_byClass_FAIL1_row"
                class="testMethodStatusFAIL">
               <td width="100%" class="firstMethodCell">
                  <a onclick="toggleDetailsVisibility('testhk.TestCase_women_ReturnCustomer_HK_TestReturnCustomerHK_byClass_FAIL1_details')">TestReturnCustomerHK()</a>
               </td>
               <td nowrap="true">16:14:25</td>
               <td nowrap="true" align="right">1m
                  32s
                  
               </td>
               <td nowrap="true">
                  <a onclick="toggleDetailsVisibility('testhk.TestCase_women_ReturnCustomer_HK_TestReturnCustomerHK_byClass_FAIL1_exception')">java.lang.Exception: 
                     20.The search box unable to input
                     
                  </a>
                   
                  
               </td>
            </tr>
            <tr>
               <td colspan="4" class="detailsBox">
                  <div id="testhk.TestCase_women_ReturnCustomer_HK_TestReturnCustomerHK_byClass_FAIL1_details"
                       class="testMethodDetails">
                     <div>
                        <b>Name: </b>TestReturnCustomerHK
                     </div>
                     <div>
                        <b>Signature: </b>TestReturnCustomerHK()[pri:0, instance:testhk.TestCase_women_ReturnCustomer_HK@b82368]
                     </div>
                     <div>
                        <b>Start time: </b>16:14:25
                     </div>
                     <div>
                        <b>End time: </b>16:15:58
                     </div>
                     <div>
                        <b>Duration: </b>1m
                        32s
                        
                     </div>
                  </div>
               </td>
            </tr>
            <tr>
               <td colspan="4" class="detailsBox">
                  <div id="testhk.TestCase_women_ReturnCustomer_HK_TestReturnCustomerHK_byClass_FAIL1_exception"
                       class="testMethodDetails">
                     <pre style="padding: 5px; margin: 0;">java.lang.Exception: 20.The search box unable to input
                        	at testhk.TestCase_women_ReturnCustomer_HK.TestReturnCustomerHK(Unknown Source)
                        	at sun.reflect.NativeMethodAccessorImpl.invoke0(Native Method)
                        	at sun.reflect.NativeMethodAccessorImpl.invoke(NativeMethodAccessorImpl.java:39)
                        	at sun.reflect.DelegatingMethodAccessorImpl.invoke(DelegatingMethodAccessorImpl.java:25)
                        	at java.lang.reflect.Method.invoke(Method.java:597)
                        	at org.testng.internal.MethodInvocationHelper.invokeMethod(MethodInvocationHelper.java:84)
                        	at org.testng.internal.Invoker.invokeMethod(Invoker.java:714)
                        	at org.testng.internal.Invoker.invokeTestMethod(Invoker.java:901)
                        	at org.testng.internal.Invoker.invokeTestMethods(Invoker.java:1231)
                        	at org.testng.internal.TestMethodWorker.invokeTestMethods(TestMethodWorker.java:127)
                        	at org.testng.internal.TestMethodWorker.run(TestMethodWorker.java:111)
                        	at org.testng.TestRunner.privateRun(TestRunner.java:767)
                        	at org.testng.TestRunner.run(TestRunner.java:617)
                        	at org.testng.SuiteRunner.runTest(SuiteRunner.java:334)
                        	at org.testng.SuiteRunner.runSequentially(SuiteRunner.java:329)
                        	at org.testng.SuiteRunner.privateRun(SuiteRunner.java:291)
                        	at org.testng.SuiteRunner.run(SuiteRunner.java:240)
                        	at org.testng.SuiteRunnerWorker.runSuite(SuiteRunnerWorker.java:52)
                        	at org.testng.SuiteRunnerWorker.run(SuiteRunnerWorker.java:86)
                        	at org.testng.TestNG.runSuitesSequentially(TestNG.java:1224)
                        	at org.testng.TestNG.runSuitesLocally(TestNG.java:1149)
                        	at org.testng.TestNG.run(TestNG.java:1057)
                        	at org.testng.TestNG.privateMain(TestNG.java:1364)
                        	at org.testng.TestNG.main(TestNG.java:1333)
                     </pre>
                  </div>
               </td>
            </tr>
         </table>
         <br></br>
      </div>
      <div style="margin-top: 15px; color: gray; text-align: center; font-size: 9px;">
         Generated with
         
         <a href="http://code.google.com/p/testng-xslt/" style="color: #8888aa;"
            target="_blank">
            TestNG XSLT
            
         </a>
      </div>
   </body>
</html>