<html xmlns:math="http://exslt.org/math" xmlns:testng="http://testng.org">
   <head>
      <title>TestNG Results</title>
      <meta http-equiv="content-type" content="text/html; charset=utf-8"></meta>
      <meta http-equiv="pragma" content="no-cache"></meta>
      <meta http-equiv="cache-control" content="max-age=0"></meta>
      <meta http-equiv="cache-control" content="no-cache"></meta>
      <meta http-equiv="cache-control" content="no-store"></meta>
      <LINK rel="stylesheet" href="style.css"></LINK>
      <script type="text/javascript" src="main.js"></script>
   </head>
   <body>
      <table width="100%" style="font-size: 16px; margin-bottom: 10px;" cellspacing="1">
         <tr>
            <td width="100%">
               Test case
               
               <b>test2</b>
            </td>
            <td style="background-color: #FFBBBB; padding: 3px 3px 3px 0;" align="center">
               <div style="width: 50px;">1</div>
            </td>
            <td style="background-color: lightgreen; padding: 3px 3px 3px 0;" align="center">
               <div style="width: 50px;">0</div>
            </td>
            <td style="background-color: #FFFFBB; padding: 3px 3px 3px 0;" align="center">
               <div style="width: 50px;">0</div>
            </td>
            <td align="center" style="background-color: #eaf0f7; padding: 3px 3px 3px 0;">
               <div style="width: 50px;">1</div>
            </td>
            <td align="center"
                style="font-weight: bold; background-color: #eaf0f7; padding: 3px 3px 3px 0;">
               <div style="width: 50px;">0%</div>
            </td>
         </tr>
      </table>
      <div style="width: 200px;">
         <label for="groupMethodsCheckBox" style="font-weight: bold; margin: 0;">
            <input id="groupMethodsCheckBox" type="checkbox" onclick="switchTestMethodsView(this)"></input>
            Group by class
            
         </label>
         <br></br>
         <label for="methodsFilter_ALL" style="font-weight: bold; margin: 0;">
            <input id="methodsFilter_ALL" type="checkbox"
                   onclick="testMethodsFilterChanged(this, 'ALL')"></input>
            All
            
         </label>
      </div>
      <label for="methodsFilter_FAIL" style="margin-left: 20px;">
         <input id="methodsFilter_FAIL" type="checkbox"
                onclick="testMethodsFilterChanged(this, 'FAIL')"
                checked=""></input>
         Failed
         
      </label>
      <label for="methodsFilter_PASS">
         <input id="methodsFilter_PASS" type="checkbox"
                onclick="testMethodsFilterChanged(this, 'PASS')"
                checked=""></input>
         Passed
         
      </label>
      <label for="methodsFilter_SKIP">
         <input id="methodsFilter_SKIP" type="checkbox"
                onclick="testMethodsFilterChanged(this, 'SKIP')"
                checked=""></input>
         Skipped
         
      </label>
      <label for="methodsFilter_CONF">
         <input id="methodsFilter_CONF" type="checkbox"
                onclick="testMethodsFilterChanged(this, 'CONF')"></input>
         Config
         
      </label>
      <br></br>
      <div id="testMethodsByStatus">
         <table class="testMethodsTable" cellpadding="0" cellspacing="0">
            <tr class="methodsTableHeader">
               <td width="100%">Name</td>
               <td nowrap="true">Started</td>
               <td nowrap="true">Duration</td>
               <td>Exception</td>
            </tr>
            <tr id="test.TestCase_women_ReturnCustomer_TestReturnCustomer_byStatus_failed_FAIL1_row"
                class="testMethodStatusFAIL">
               <td width="100%" class="firstMethodCell">
                  <a onclick="toggleDetailsVisibility('test.TestCase_women_ReturnCustomer_TestReturnCustomer_byStatus_failed_FAIL1_details')">TestReturnCustomer()</a>
               </td>
               <td nowrap="true">18:13:13</td>
               <td nowrap="true" align="right">40 ms
                  
               </td>
               <td nowrap="true">
                  <a onclick="toggleDetailsVisibility('test.TestCase_women_ReturnCustomer_TestReturnCustomer_byStatus_failed_FAIL1_exception')">java.lang.ExceptionInInitializerError: </a>
                   
                  
               </td>
            </tr>
            <tr>
               <td colspan="4" class="detailsBox">
                  <div id="test.TestCase_women_ReturnCustomer_TestReturnCustomer_byStatus_failed_FAIL1_details"
                       class="testMethodDetails">
                     <div>
                        <b>Name: </b>TestReturnCustomer
                     </div>
                     <div>
                        <b>Signature: </b>TestReturnCustomer()[pri:0, instance:test.TestCase_women_ReturnCustomer@1c1ea29]
                     </div>
                     <div>
                        <b>Start time: </b>18:13:13
                     </div>
                     <div>
                        <b>End time: </b>18:13:13
                     </div>
                     <div>
                        <b>Duration: </b>40 ms
                        
                     </div>
                  </div>
               </td>
            </tr>
            <tr>
               <td colspan="4" class="detailsBox">
                  <div id="test.TestCase_women_ReturnCustomer_TestReturnCustomer_byStatus_failed_FAIL1_exception"
                       class="testMethodDetails">
                     <pre style="padding: 5px; margin: 0;">java.lang.ExceptionInInitializerError
                        	at org.openqa.selenium.firefox.FirefoxBinary.&lt;init&gt;(FirefoxBinary.java:59)
                        	at org.openqa.selenium.firefox.FirefoxBinary.&lt;init&gt;(FirefoxBinary.java:55)
                        	at org.openqa.selenium.firefox.FirefoxDriver.&lt;init&gt;(FirefoxDriver.java:95)
                        	at selectdriver.DriverTools.getDriver(Unknown Source)
                        	at returncustomer.Test_women_ReturnCustomer.&lt;init&gt;(Unknown Source)
                        	at test.TestCase_women_ReturnCustomer.TestReturnCustomer(Unknown Source)
                        	at sun.reflect.NativeMethodAccessorImpl.invoke0(Native Method)
                        	at sun.reflect.NativeMethodAccessorImpl.invoke(NativeMethodAccessorImpl.java:39)
                        	at sun.reflect.DelegatingMethodAccessorImpl.invoke(DelegatingMethodAccessorImpl.java:25)
                        	at java.lang.reflect.Method.invoke(Method.java:597)
                        	at org.testng.internal.MethodInvocationHelper.invokeMethod(MethodInvocationHelper.java:84)
                        	at org.testng.internal.Invoker.invokeMethod(Invoker.java:714)
                        	at org.testng.internal.Invoker.invokeTestMethod(Invoker.java:901)
                        	at org.testng.internal.Invoker.invokeTestMethods(Invoker.java:1231)
                        	at org.testng.internal.TestMethodWorker.invokeTestMethods(TestMethodWorker.java:127)
                        	at org.testng.internal.TestMethodWorker.run(TestMethodWorker.java:111)
                        	at org.testng.TestRunner.privateRun(TestRunner.java:767)
                        	at org.testng.TestRunner.run(TestRunner.java:617)
                        	at org.testng.SuiteRunner.runTest(SuiteRunner.java:334)
                        	at org.testng.SuiteRunner.runSequentially(SuiteRunner.java:329)
                        	at org.testng.SuiteRunner.privateRun(SuiteRunner.java:291)
                        	at org.testng.SuiteRunner.run(SuiteRunner.java:240)
                        	at org.testng.SuiteRunnerWorker.runSuite(SuiteRunnerWorker.java:52)
                        	at org.testng.SuiteRunnerWorker.run(SuiteRunnerWorker.java:86)
                        	at org.testng.TestNG.runSuitesSequentially(TestNG.java:1224)
                        	at org.testng.TestNG.runSuitesLocally(TestNG.java:1149)
                        	at org.testng.TestNG.run(TestNG.java:1057)
                        	at org.testng.TestNG.privateMain(TestNG.java:1364)
                        	at org.testng.TestNG.main(TestNG.java:1333)
                        Caused by: org.openqa.selenium.WebDriverException: "webdriver.firefox.bin" property set, but unable to locate the requested
                        binary: D:\Users\JSHI02\workspace\Copy of DECATHLON/Mozilla Firefox/firefox.exe
                        Build info: version: '2.44.0', revision: '76d78cf', time: '2014-10-23 20:02:37'
                        System info: host: 'YECOL094', ip: '169.254.168.121', os.name: 'Windows 7', os.arch: 'x86', os.version: '6.1', java.version:
                        '1.6.0_25'
                        Driver info: driver.version: FirefoxDriver
                        	at org.openqa.selenium.firefox.internal.Executable.locateFirefoxBinaryFromSystemProperty(Executable.java:143)
                        	at org.openqa.selenium.firefox.internal.Executable.&lt;clinit&gt;(Executable.java:43)
                        	... 29 more
                     </pre>
                  </div>
               </td>
            </tr>
         </table>
      </div>
      <div id="testMethodsByClass" style="display: none;">
         <table class="testMethodsTable" cellpadding="0" cellspacing="0">
            <tr>
               <td colspan="4">
                  <h3 style="display: inline;">test.TestCase_women_ReturnCustomer</h3>
               </td>
            </tr>
            <tr class="methodsTableHeader">
               <td width="100%">Name</td>
               <td nowrap="true">Started</td>
               <td nowrap="true">Duration</td>
               <td>Exception</td>
            </tr>
            <tr id="test.TestCase_women_ReturnCustomer_TestReturnCustomer_byClass_FAIL1_row"
                class="testMethodStatusFAIL">
               <td width="100%" class="firstMethodCell">
                  <a onclick="toggleDetailsVisibility('test.TestCase_women_ReturnCustomer_TestReturnCustomer_byClass_FAIL1_details')">TestReturnCustomer()</a>
               </td>
               <td nowrap="true">18:13:13</td>
               <td nowrap="true" align="right">40 ms
                  
               </td>
               <td nowrap="true">
                  <a onclick="toggleDetailsVisibility('test.TestCase_women_ReturnCustomer_TestReturnCustomer_byClass_FAIL1_exception')">java.lang.ExceptionInInitializerError: </a>
                   
                  
               </td>
            </tr>
            <tr>
               <td colspan="4" class="detailsBox">
                  <div id="test.TestCase_women_ReturnCustomer_TestReturnCustomer_byClass_FAIL1_details"
                       class="testMethodDetails">
                     <div>
                        <b>Name: </b>TestReturnCustomer
                     </div>
                     <div>
                        <b>Signature: </b>TestReturnCustomer()[pri:0, instance:test.TestCase_women_ReturnCustomer@1c1ea29]
                     </div>
                     <div>
                        <b>Start time: </b>18:13:13
                     </div>
                     <div>
                        <b>End time: </b>18:13:13
                     </div>
                     <div>
                        <b>Duration: </b>40 ms
                        
                     </div>
                  </div>
               </td>
            </tr>
            <tr>
               <td colspan="4" class="detailsBox">
                  <div id="test.TestCase_women_ReturnCustomer_TestReturnCustomer_byClass_FAIL1_exception"
                       class="testMethodDetails">
                     <pre style="padding: 5px; margin: 0;">java.lang.ExceptionInInitializerError
                        	at org.openqa.selenium.firefox.FirefoxBinary.&lt;init&gt;(FirefoxBinary.java:59)
                        	at org.openqa.selenium.firefox.FirefoxBinary.&lt;init&gt;(FirefoxBinary.java:55)
                        	at org.openqa.selenium.firefox.FirefoxDriver.&lt;init&gt;(FirefoxDriver.java:95)
                        	at selectdriver.DriverTools.getDriver(Unknown Source)
                        	at returncustomer.Test_women_ReturnCustomer.&lt;init&gt;(Unknown Source)
                        	at test.TestCase_women_ReturnCustomer.TestReturnCustomer(Unknown Source)
                        	at sun.reflect.NativeMethodAccessorImpl.invoke0(Native Method)
                        	at sun.reflect.NativeMethodAccessorImpl.invoke(NativeMethodAccessorImpl.java:39)
                        	at sun.reflect.DelegatingMethodAccessorImpl.invoke(DelegatingMethodAccessorImpl.java:25)
                        	at java.lang.reflect.Method.invoke(Method.java:597)
                        	at org.testng.internal.MethodInvocationHelper.invokeMethod(MethodInvocationHelper.java:84)
                        	at org.testng.internal.Invoker.invokeMethod(Invoker.java:714)
                        	at org.testng.internal.Invoker.invokeTestMethod(Invoker.java:901)
                        	at org.testng.internal.Invoker.invokeTestMethods(Invoker.java:1231)
                        	at org.testng.internal.TestMethodWorker.invokeTestMethods(TestMethodWorker.java:127)
                        	at org.testng.internal.TestMethodWorker.run(TestMethodWorker.java:111)
                        	at org.testng.TestRunner.privateRun(TestRunner.java:767)
                        	at org.testng.TestRunner.run(TestRunner.java:617)
                        	at org.testng.SuiteRunner.runTest(SuiteRunner.java:334)
                        	at org.testng.SuiteRunner.runSequentially(SuiteRunner.java:329)
                        	at org.testng.SuiteRunner.privateRun(SuiteRunner.java:291)
                        	at org.testng.SuiteRunner.run(SuiteRunner.java:240)
                        	at org.testng.SuiteRunnerWorker.runSuite(SuiteRunnerWorker.java:52)
                        	at org.testng.SuiteRunnerWorker.run(SuiteRunnerWorker.java:86)
                        	at org.testng.TestNG.runSuitesSequentially(TestNG.java:1224)
                        	at org.testng.TestNG.runSuitesLocally(TestNG.java:1149)
                        	at org.testng.TestNG.run(TestNG.java:1057)
                        	at org.testng.TestNG.privateMain(TestNG.java:1364)
                        	at org.testng.TestNG.main(TestNG.java:1333)
                        Caused by: org.openqa.selenium.WebDriverException: "webdriver.firefox.bin" property set, but unable to locate the requested
                        binary: D:\Users\JSHI02\workspace\Copy of DECATHLON/Mozilla Firefox/firefox.exe
                        Build info: version: '2.44.0', revision: '76d78cf', time: '2014-10-23 20:02:37'
                        System info: host: 'YECOL094', ip: '169.254.168.121', os.name: 'Windows 7', os.arch: 'x86', os.version: '6.1', java.version:
                        '1.6.0_25'
                        Driver info: driver.version: FirefoxDriver
                        	at org.openqa.selenium.firefox.internal.Executable.locateFirefoxBinaryFromSystemProperty(Executable.java:143)
                        	at org.openqa.selenium.firefox.internal.Executable.&lt;clinit&gt;(Executable.java:43)
                        	... 29 more
                     </pre>
                  </div>
               </td>
            </tr>
         </table>
         <br></br>
      </div>
      <div style="margin-top: 15px; color: gray; text-align: center; font-size: 9px;">
         Generated with
         
         <a href="http://code.google.com/p/testng-xslt/" style="color: #8888aa;"
            target="_blank">
            TestNG XSLT
            
         </a>
      </div>
   </body>
</html>